{
  "0 debug pnpm:scope": {
    "selected": 1
  },
  "1 error pnpm": {
    "code": "ELIFECYCLE",
    "errno": "ENOENT",
    "syscall": "spawn",
    "file": "sh",
    "pkgid": "coolify@2.0.0-rc.1",
    "stage": "build",
    "script": "svelte-kit build",
    "pkgname": "coolify",
    "err": {
      "name": "pnpm",
      "message": "coolify@2.0.0-rc.1 build: `svelte-kit build`\nspawn ENOENT",
      "code": "ELIFECYCLE",
      "stack": "pnpm: coolify@2.0.0-rc.1 build: `svelte-kit build`\nspawn ENOENT\n    at ChildProcess.<anonymous> (/usr/pnpm-global/5/node_modules/.pnpm/pnpm@6.24.3/node_modules/pnpm/dist/pnpm.cjs:91780:22)\n    at ChildProcess.emit (events.js:400:28)\n    at maybeClose (internal/child_process.js:1058:16)\n    at Process.ChildProcess._handle.onexit (internal/child_process.js:293:5)"
    }
  },
  "2 warn pnpm:global": " Local package.json exists, but node_modules missing, did you mean to install?"
}